<?xml version="1.0" encoding="UTF-8"?>
<!-- Generated by org.testng.reporters.JUnitReportReporter -->
<testsuite hostname="LAPTOP-O03F5P6F" failures="0" tests="1" name="seleniummavenproject.OrangeHrm" time="31.695" errors="0" timestamp="2023-03-15T23:19:55 IST" skipped="0">
  <testcase classname="seleniummavenproject.OrangeHrm" name="test" time="31.695"/>
  <system-out/>
</testsuite> <!-- seleniummavenproject.OrangeHrm -->
