<?xml version="1.0" encoding="UTF-8"?>
<!-- Generated by org.testng.reporters.JUnitReportReporter -->
<testsuite hostname="LAPTOP-O03F5P6F" failures="0" tests="1" name="seleniummavenproject.TestActitimeValidLogin" time="11.971" errors="0" timestamp="2023-03-13T16:24:52 IST" skipped="0">
  <testcase classname="seleniummavenproject.TestActitimeValidLogin" name="testActitime" time="11.971"/>
  <system-out/>
</testsuite> <!-- seleniummavenproject.TestActitimeValidLogin -->
