<?xml version="1.0" encoding="UTF-8"?>
<!-- Generated by org.testng.reporters.JUnitReportReporter -->
<testsuite hostname="LAPTOP-O03F5P6F" failures="0" tests="1" name="seleniummavenproject.TestActitimeValidLogin" time="29.775" errors="0" timestamp="2023-03-15T12:45:04 IST" skipped="0">
  <testcase classname="seleniummavenproject.TestActitimeValidLogin" name="testActitime" time="29.775"/>
  <system-out/>
</testsuite> <!-- seleniummavenproject.TestActitimeValidLogin -->
