<?xml version="1.0" encoding="UTF-8"?>
<!-- Generated by org.testng.reporters.JUnitReportReporter -->
<testsuite hostname="LAPTOP-O03F5P6F" failures="0" tests="1" name="seleniummavenproject.TestSelenium" time="1.861" errors="0" timestamp="2023-03-15T23:07:33 IST" skipped="0">
  <testcase classname="seleniummavenproject.TestSelenium" name="setup" time="1.861"/>
  <system-out/>
</testsuite> <!-- seleniummavenproject.TestSelenium -->
