<?xml version="1.0" encoding="UTF-8"?>
<!-- Generated by org.testng.reporters.JUnitReportReporter -->
<testsuite hostname="LAPTOP-O03F5P6F" failures="0" tests="3" name="TestNGTest.CreateContactTest" time="76.841" errors="0" timestamp="2024-05-17T13:33:49 IST" skipped="0">
  <testcase classname="TestNGTest.CreateContactTest" name="createContactWithOrgName" time="22.960"/>
  <system-out>
    <![CDATA[pass 3rd]]>
  </system-out>
  <testcase classname="TestNGTest.CreateContactTest" name="createContactDateTest" time="30.757"/>
  <system-out>
    <![CDATA[pass 2nd]]>
  </system-out>
  <testcase classname="TestNGTest.CreateContactTest" name="createContactWithMandatoryInfoTest" time="23.124"/>
  <system-out>
    <![CDATA[pass 1st]]>
  </system-out>
</testsuite> <!-- TestNGTest.CreateContactTest -->
