<?xml version="1.0" encoding="UTF-8"?>
<!-- Generated by org.testng.reporters.JUnitReportReporter -->
<testsuite hostname="LAPTOP-O03F5P6F" failures="0" tests="1" name="TestNGTest.CreateOrgTest" time="23.012" errors="0" timestamp="2024-05-21T15:40:46 IST" skipped="0">
  <testcase classname="TestNGTest.CreateOrgTest" name="createOrgNameTest" time="23.012"/>
  <system-out>
    <![CDATA[NASA1146 NASA1146]]>
  </system-out>
</testsuite> <!-- TestNGTest.CreateOrgTest -->
