<?xml version="1.0" encoding="UTF-8"?>
<!-- Generated by org.testng.reporters.JUnitReportReporter -->
<testsuite hostname="LAPTOP-O03F5P6F" failures="0" tests="1" name="POMTesting.TestRunner" time="0.048" errors="0" timestamp="2024-05-18T13:09:55 IST" skipped="0">
  <testcase classname="POMTesting.TestRunner" name="testRun" time="0.048"/>
  <system-out>
    <![CDATA[2024-04-18]]>
  </system-out>
</testsuite> <!-- POMTesting.TestRunner -->
