<?xml version="1.0" encoding="UTF-8"?>
<!-- Generated by org.testng.reporters.JUnitReportReporter -->
<testsuite hostname="LAPTOP-O03F5P6F" failures="0" tests="3" name="TestNGTest.CreateContactTest" time="71.524" errors="0" timestamp="2024-05-20T22:32:57 IST" skipped="0">
  <testcase classname="TestNGTest.CreateContactTest" name="createContactDateTest" time="27.458"/>
  <system-out>
    <![CDATA[pass 2nd]]>
  </system-out>
  <testcase classname="TestNGTest.CreateContactTest" name="createContactWithOrgName" time="23.017"/>
  <system-out>
    <![CDATA[pass 3rd]]>
  </system-out>
  <testcase classname="TestNGTest.CreateContactTest" name="createContactWithMandatoryInfoTest" time="21.049"/>
  <system-out>
    <![CDATA[pass 1st]]>
  </system-out>
</testsuite> <!-- TestNGTest.CreateContactTest -->
