<?xml version="1.0" encoding="UTF-8"?>
<!-- Generated by org.testng.reporters.JUnitReportReporter -->
<testsuite hostname="LAPTOP-O03F5P6F" failures="0" tests="1" name="TestNGTest.CreateOrgTest" time="24.052" errors="0" timestamp="2024-05-17T16:33:43 IST" skipped="0">
  <testcase classname="TestNGTest.CreateOrgTest" name="createOrgNameTest" time="24.052"/>
  <system-out>
    <![CDATA[NASA1350 NASA1350]]>
  </system-out>
</testsuite> <!-- TestNGTest.CreateOrgTest -->
